<?xml version="1.0" encoding="UTF-8"?>
<testsuite name="starter.runners.CucumberTestSuite" tests="1" skipped="0" failures="0" errors="0" timestamp="2024-04-05T19:18:40" hostname="C11-EZPWQG8FR2T" time="56.933">
  <properties/>
  <testcase name="Agregar producto a la bolsa" classname="starter.runners.CucumberTestSuite" time="56.933"/>
  <system-out><![CDATA[]]></system-out>
  <system-err><![CDATA[Apr 05, 2024 4:18:49 PM org.openqa.selenium.devtools.CdpVersionFinder findNearestMatch
WARNING: Unable to find CDP implementation matching 123
Apr 05, 2024 4:18:49 PM org.openqa.selenium.chromium.ChromiumDriver lambda$new$5
WARNING: Unable to find version of CDP to use for 123.0.6312.106. You may need to include a dependency on a specific version of the CDP using something similar to `org.seleniumhq.selenium:selenium-devtools-v86:4.14.1` where the version ("v86") matches the version of the chromium-based browser you're using and the version number of the artifact is the same as Selenium's.
]]></system-err>
</testsuite>
